{
  "RSpec": {
    "coverage": {
      "/Users/turing/turing/3module/projects/new_rails_engine/spec/models/customer_spec.rb": [
        1,
        null,
        1,
        1,
        2,
        2,
        1,
        1,
        1,
        null,
        1,
        null,
        null,
        null,
        1,
        2,
        1,
        1,
        1,
        null,
        null,
        null
      ],
      "/Users/turing/turing/3module/projects/new_rails_engine/spec/rails_helper.rb": [
        null,
        1,
        1,
        null,
        1,
        1,
        1,
        null,
        null,
        1,
        1,
        null,
        1,
        null,
        null,
        null,
        1,
        null,
        null,
        null,
        null,
        null,
        null,
        null,
        null,
        null,
        null,
        null,
        null,
        null,
        null,
        null,
        null,
        2,
        null,
        null,
        null,
        1,
        null,
        1,
        null,
        1,
        null,
        null,
        null,
        null,
        1,
        null,
        null,
        null,
        null,
        null,
        null,
        null,
        null,
        null,
        null,
        null,
        null,
        null,
        null,
        1,
        null,
        null,
        1,
        null,
        null,
        null,
        null,
        1,
        1,
        null,
        1,
        1,
        null,
        null
      ],
      "/Users/turing/turing/3module/projects/new_rails_engine/config/environment.rb": [
        null,
        1,
        null,
        null,
        1
      ],
      "/Users/turing/turing/3module/projects/new_rails_engine/config/application.rb": [
        1,
        null,
        1,
        null,
        1,
        1,
        1,
        1,
        1,
        1,
        1,
        null,
        null,
        null,
        null,
        null,
        1,
        null,
        1,
        1,
        null,
        null,
        null,
        null,
        null,
        null,
        null,
        1,
        null,
        null
      ],
      "/Users/turing/turing/3module/projects/new_rails_engine/config/boot.rb": [
        1,
        null,
        1
      ],
      "/Users/turing/turing/3module/projects/new_rails_engine/config/environments/test.rb": [
        1,
        null,
        null,
        null,
        null,
        null,
        null,
        1,
        null,
        null,
        null,
        null,
        1,
        null,
        null,
        1,
        1,
        null,
        null,
        null,
        null,
        1,
        1,
        null,
        null,
        1,
        null,
        null,
        1,
        1,
        null,
        null,
        null,
        null,
        1,
        null,
        null,
        1,
        null,
        null,
        null,
        null
      ],
      "/Users/turing/turing/3module/projects/new_rails_engine/config/initializers/application_controller_renderer.rb": [
        null,
        null,
        null,
        null,
        null,
        null
      ],
      "/Users/turing/turing/3module/projects/new_rails_engine/config/initializers/backtrace_silencers.rb": [
        null,
        null,
        null,
        null,
        null,
        null,
        null
      ],
      "/Users/turing/turing/3module/projects/new_rails_engine/config/initializers/cors.rb": [
        null,
        null,
        null,
        null,
        null,
        null,
        null,
        null,
        null,
        null,
        null,
        null,
        null,
        null,
        null,
        null
      ],
      "/Users/turing/turing/3module/projects/new_rails_engine/config/initializers/filter_parameter_logging.rb": [
        null,
        null,
        null,
        1
      ],
      "/Users/turing/turing/3module/projects/new_rails_engine/config/initializers/inflections.rb": [
        null,
        null,
        null,
        null,
        null,
        null,
        null,
        null,
        null,
        null,
        null,
        null,
        null,
        null,
        null,
        null
      ],
      "/Users/turing/turing/3module/projects/new_rails_engine/config/initializers/mime_types.rb": [
        null,
        null,
        null,
        null
      ],
      "/Users/turing/turing/3module/projects/new_rails_engine/config/initializers/new_framework_defaults.rb": [
        null,
        null,
        null,
        null,
        null,
        null,
        null,
        null,
        1,
        null,
        null,
        1,
        null,
        null,
        1,
        null,
        null,
        1
      ],
      "/Users/turing/turing/3module/projects/new_rails_engine/config/initializers/wrap_parameters.rb": [
        null,
        null,
        null,
        null,
        null,
        null,
        1,
        2,
        null,
        null,
        null,
        null,
        null,
        null
      ],
      "/Users/turing/turing/3module/projects/new_rails_engine/spec/factories/customers.rb": [
        1,
        1,
        1,
        1,
        null,
        1,
        33,
        null,
        1,
        33,
        null,
        null
      ],
      "/Users/turing/turing/3module/projects/new_rails_engine/spec/factories/invoice_items.rb": [
        1,
        1,
        1,
        1,
        1,
        1,
        null,
        null,
        1,
        9,
        null,
        null,
        null
      ],
      "/Users/turing/turing/3module/projects/new_rails_engine/spec/factories/invoices.rb": [
        1,
        1,
        1,
        1,
        1,
        null,
        null,
        1,
        26,
        null,
        null,
        null
      ],
      "/Users/turing/turing/3module/projects/new_rails_engine/spec/factories/items.rb": [
        1,
        1,
        1,
        1,
        1,
        1,
        null,
        null,
        1,
        67,
        null,
        null,
        1,
        19,
        null,
        null,
        1,
        28,
        null,
        null,
        null
      ],
      "/Users/turing/turing/3module/projects/new_rails_engine/spec/factories/merchants.rb": [
        1,
        1,
        1,
        null,
        null
      ],
      "/Users/turing/turing/3module/projects/new_rails_engine/spec/factories/transactions.rb": [
        1,
        1,
        1,
        1,
        1,
        1,
        null,
        1,
        8,
        null,
        1,
        8,
        null,
        null
      ],
      "/Users/turing/turing/3module/projects/new_rails_engine/config/routes.rb": [
        1,
        null,
        1,
        1,
        1,
        1,
        1,
        1,
        1,
        1,
        1,
        1,
        1,
        1,
        1,
        1,
        null,
        null,
        null,
        null
      ],
      "/Users/turing/turing/3module/projects/new_rails_engine/spec/support/factory_girl.rb": [
        1,
        1,
        1,
        1,
        1,
        1,
        null,
        1,
        null,
        null,
        null
      ],
      "/Users/turing/turing/3module/projects/new_rails_engine/app/models/customer.rb": [
        1,
        1,
        1,
        null,
        null,
        1,
        1,
        1,
        null
      ],
      "/Users/turing/turing/3module/projects/new_rails_engine/app/models/application_record.rb": [
        1,
        1,
        null
      ],
      "/Users/turing/turing/3module/projects/new_rails_engine/spec/models/invoice_item_spec.rb": [
        1,
        null,
        1,
        2,
        2,
        2,
        2,
        2,
        2,
        null
      ],
      "/Users/turing/turing/3module/projects/new_rails_engine/app/models/invoice_item.rb": [
        1,
        1,
        1,
        1,
        null,
        null,
        null,
        null
      ],
      "/Users/turing/turing/3module/projects/new_rails_engine/spec/models/invoice_spec.rb": [
        1,
        null,
        1,
        2,
        2,
        2,
        2,
        2,
        null
      ],
      "/Users/turing/turing/3module/projects/new_rails_engine/app/models/invoice.rb": [
        1,
        1,
        1,
        1,
        1,
        null,
        1,
        null,
        null,
        null
      ],
      "/Users/turing/turing/3module/projects/new_rails_engine/spec/models/item_spec.rb": [
        1,
        null,
        1,
        2,
        2,
        2,
        2,
        2,
        null
      ],
      "/Users/turing/turing/3module/projects/new_rails_engine/app/models/item.rb": [
        1,
        1,
        1,
        1,
        null,
        1,
        null,
        null,
        null,
        null
      ],
      "/Users/turing/turing/3module/projects/new_rails_engine/spec/models/merchant_spec.rb": [
        1,
        null,
        1,
        1,
        2,
        2,
        null,
        null,
        1,
        2,
        2,
        2,
        null,
        null
      ],
      "/Users/turing/turing/3module/projects/new_rails_engine/app/models/merchant.rb": [
        1,
        1,
        1,
        1,
        null,
        1,
        null,
        null,
        null,
        1,
        null
      ],
      "/Users/turing/turing/3module/projects/new_rails_engine/spec/models/transaction_spec.rb": [
        1,
        1,
        1,
        2,
        2,
        null,
        null,
        1,
        2,
        null,
        null
      ],
      "/Users/turing/turing/3module/projects/new_rails_engine/app/models/transaction.rb": [
        1,
        1,
        null,
        1,
        1,
        null
      ],
      "/Users/turing/turing/3module/projects/new_rails_engine/spec/requests/api/v1/customers_request_spec.rb": [
        1,
        null,
        1,
        1,
        1,
        1,
        null,
        1,
        null,
        1,
        null,
        1,
        1,
        null,
        null,
        1,
        1,
        1,
        null,
        1,
        null,
        1,
        null,
        1,
        1,
        null,
        null,
        null,
        1,
        4,
        null,
        1,
        1,
        null,
        1,
        null,
        1,
        1,
        null,
        1,
        1,
        null,
        1,
        null,
        1,
        1,
        null,
        1,
        1,
        null,
        1,
        null,
        1,
        1,
        null,
        null,
        null,
        null,
        null,
        null,
        null,
        null,
        null,
        null,
        null,
        null,
        null,
        null,
        null,
        null,
        null,
        null,
        null
      ],
      "/Users/turing/turing/3module/projects/new_rails_engine/spec/requests/api/v1/invoice_items_request_spec.rb": [
        1,
        null,
        1,
        1,
        1,
        null,
        1,
        null,
        1,
        null,
        1,
        null,
        1,
        1,
        null,
        null,
        1,
        null,
        1,
        null,
        1,
        null,
        1,
        null,
        1,
        1,
        null,
        null,
        null,
        1,
        6,
        null,
        1,
        1,
        null,
        1,
        null,
        1,
        1,
        null,
        1,
        1,
        null,
        1,
        null,
        1,
        1,
        null,
        1,
        1,
        null,
        1,
        null,
        1,
        1,
        null,
        1,
        1,
        null,
        1,
        null,
        1,
        1,
        null,
        1,
        1,
        null,
        1,
        null,
        1,
        1,
        null,
        null,
        null,
        null,
        null,
        null,
        null,
        null,
        null,
        null,
        null,
        null,
        null,
        null,
        null,
        null,
        null,
        null,
        null
      ],
      "/Users/turing/turing/3module/projects/new_rails_engine/spec/requests/api/v1/invoice_request_spec.rb": [
        1,
        null,
        1,
        1,
        1,
        null,
        1,
        null,
        1,
        null,
        1,
        null,
        1,
        1,
        null,
        null,
        1,
        null,
        1,
        1,
        null,
        1,
        null,
        1,
        null,
        1,
        1,
        null,
        null,
        null,
        1,
        5,
        null,
        1,
        1,
        null,
        1,
        null,
        1,
        1,
        null,
        1,
        1,
        null,
        1,
        null,
        1,
        1,
        null,
        1,
        1,
        null,
        1,
        null,
        1,
        1,
        null,
        1,
        1,
        null,
        1,
        null,
        1,
        1,
        null,
        null,
        null,
        null,
        null,
        null,
        null,
        null,
        null,
        null,
        null,
        null,
        null,
        null,
        null,
        null,
        null,
        null,
        null
      ],
      "/Users/turing/turing/3module/projects/new_rails_engine/spec/requests/api/v1/items_request_spec.rb": [
        1,
        null,
        1,
        1,
        1,
        null,
        1,
        null,
        1,
        null,
        1,
        null,
        1,
        1,
        null,
        null,
        1,
        null,
        1,
        1,
        null,
        1,
        1,
        null,
        1,
        1,
        null,
        null,
        null,
        1,
        6,
        null,
        1,
        1,
        null,
        1,
        null,
        1,
        1,
        null,
        1,
        1,
        null,
        1,
        null,
        1,
        1,
        null,
        1,
        1,
        null,
        1,
        null,
        1,
        1,
        null,
        1,
        1,
        null,
        1,
        null,
        1,
        1,
        null,
        1,
        1,
        null,
        1,
        null,
        1,
        1,
        null,
        null,
        null,
        null,
        null,
        null,
        null,
        null,
        null,
        null,
        null,
        null,
        null,
        null,
        null,
        null,
        null,
        null,
        null
      ],
      "/Users/turing/turing/3module/projects/new_rails_engine/spec/requests/api/v1/merchants_request_spec.rb": [
        1,
        null,
        1,
        1,
        1,
        1,
        null,
        1,
        null,
        1,
        null,
        1,
        1,
        null,
        null,
        null,
        1,
        1,
        1,
        null,
        1,
        null,
        1,
        null,
        1,
        1,
        null,
        null,
        null,
        1,
        2,
        null,
        1,
        1,
        0,
        null,
        0,
        null,
        0,
        0,
        null,
        1,
        1,
        null,
        1,
        null,
        1,
        1,
        null,
        1,
        1,
        0,
        null,
        0,
        null,
        0,
        0,
        null,
        null,
        null,
        null,
        null
      ],
      "/Users/turing/turing/3module/projects/new_rails_engine/spec/requests/api/v1/transactions_request_spec.rb": [
        1,
        null,
        1,
        1,
        1,
        1,
        null,
        1,
        null,
        1,
        null,
        1,
        1,
        null,
        null,
        null,
        1,
        1,
        1,
        null,
        null,
        null,
        null,
        null,
        null,
        null,
        1,
        null,
        1,
        null,
        1,
        1,
        null,
        null,
        null,
        1,
        6,
        null,
        1,
        1,
        null,
        1,
        null,
        1,
        1,
        null,
        1,
        1,
        null,
        null,
        1,
        null,
        1,
        1,
        null,
        1,
        1,
        null,
        1,
        null,
        1,
        1,
        null,
        1,
        1,
        null,
        1,
        null,
        1,
        1,
        null,
        1,
        1,
        null,
        1,
        null,
        1,
        1,
        null,
        null,
        null,
        null,
        null,
        null,
        null,
        null,
        null,
        null,
        null,
        null,
        null,
        null,
        null,
        null,
        null,
        null,
        null
      ],
      "/Users/turing/turing/3module/projects/new_rails_engine/app/controllers/api/v1/customers_controller.rb": [
        1,
        null,
        1,
        1,
        null,
        null,
        1,
        1,
        null,
        null,
        null
      ],
      "/Users/turing/turing/3module/projects/new_rails_engine/app/controllers/application_controller.rb": [
        1,
        null
      ],
      "/Users/turing/turing/3module/projects/new_rails_engine/app/controllers/api/v1/customers/search_controller.rb": [
        1,
        null,
        1,
        3,
        null,
        null,
        1,
        null,
        1,
        3,
        null,
        null,
        null,
        null,
        null,
        null,
        null
      ],
      "/Users/turing/turing/3module/projects/new_rails_engine/app/controllers/api/v1/invoice_items_controller.rb": [
        1,
        null,
        1,
        1,
        null,
        null,
        1,
        1,
        null,
        null,
        null
      ],
      "/Users/turing/turing/3module/projects/new_rails_engine/app/controllers/api/v1/invoice_items/search_controller.rb": [
        1,
        null,
        1,
        5,
        null,
        null,
        1,
        null,
        1,
        5,
        null,
        null,
        null,
        null,
        null,
        null,
        null,
        null,
        null
      ],
      "/Users/turing/turing/3module/projects/new_rails_engine/app/controllers/api/v1/invoices_controller.rb": [
        1,
        null,
        1,
        1,
        null,
        null,
        1,
        1,
        null,
        null,
        null
      ],
      "/Users/turing/turing/3module/projects/new_rails_engine/app/controllers/api/v1/invoices/search_controller.rb": [
        1,
        null,
        1,
        4,
        null,
        null,
        1,
        null,
        1,
        4,
        null,
        null,
        null,
        null,
        null,
        null,
        null,
        null
      ],
      "/Users/turing/turing/3module/projects/new_rails_engine/app/controllers/api/v1/items_controller.rb": [
        1,
        null,
        1,
        1,
        null,
        null,
        1,
        1,
        null,
        null,
        null
      ],
      "/Users/turing/turing/3module/projects/new_rails_engine/app/controllers/api/v1/items/search_controller.rb": [
        1,
        null,
        1,
        5,
        null,
        null,
        1,
        null,
        1,
        5,
        null,
        null,
        null,
        null,
        null,
        null,
        null,
        null,
        null
      ],
      "/Users/turing/turing/3module/projects/new_rails_engine/app/controllers/api/v1/merchants_controller.rb": [
        1,
        null,
        1,
        1,
        null,
        null,
        1,
        1,
        null,
        null,
        null
      ],
      "/Users/turing/turing/3module/projects/new_rails_engine/app/controllers/api/v1/merchants/search_controller.rb": [
        1,
        null,
        1,
        1,
        null,
        null,
        1,
        null,
        1,
        1,
        null,
        null,
        null
      ],
      "/Users/turing/turing/3module/projects/new_rails_engine/app/controllers/api/v1/transactions_controller.rb": [
        1,
        null,
        1,
        1,
        null,
        null,
        1,
        1,
        null,
        null,
        null
      ],
      "/Users/turing/turing/3module/projects/new_rails_engine/app/controllers/api/v1/transactions/search_controller.rb": [
        1,
        null,
        1,
        5,
        null,
        null,
        1,
        null,
        1,
        5,
        null,
        null,
        null,
        null,
        null,
        null,
        null,
        null,
        null
      ]
    },
    "timestamp": 1480449995
  }
}
